TN:
SF:src/app.controller.spec.ts
FN:5,(anonymous_0)
FN:8,(anonymous_1)
FN:17,(anonymous_2)
FN:18,(anonymous_3)
FNF:4
FNH:0
FNDA:0,(anonymous_0)
FNDA:0,(anonymous_1)
FNDA:0,(anonymous_2)
FNDA:0,(anonymous_3)
DA:5,0
DA:8,0
DA:9,0
DA:14,0
DA:17,0
DA:18,0
DA:19,0
LF:7
LH:0
BRF:0
BRH:0
end_of_record
TN:
SF:src/app.controller.ts
FN:14,(anonymous_0)
FN:22,(anonymous_1)
FNF:2
FNH:1
FNDA:3,(anonymous_0)
FNDA:0,(anonymous_1)
DA:14,3
DA:23,0
DA:24,0
LF:3
LH:1
BRF:0
BRH:0
end_of_record
TN:
SF:src/app.service.ts
FN:5,(anonymous_0)
FNF:1
FNH:0
FNDA:0,(anonymous_0)
DA:6,0
LF:1
LH:0
BRF:0
BRH:0
end_of_record
TN:
SF:src/main.ts
FN:16,bootstrap
FN:49,(anonymous_1)
FN:51,(anonymous_2)
FNF:3
FNH:0
FNDA:0,bootstrap
FNDA:0,(anonymous_1)
FNDA:0,(anonymous_2)
DA:17,0
DA:20,0
DA:21,0
DA:22,0
DA:23,0
DA:25,0
DA:29,0
DA:30,0
DA:31,0
DA:32,0
DA:34,0
DA:35,0
DA:42,0
DA:50,0
DA:52,0
DA:53,0
DA:58,0
DA:65,0
DA:72,0
DA:73,0
DA:74,0
DA:75,0
DA:78,0
LF:23
LH:0
BRDA:18,0,0,0
BRDA:18,0,1,0
BRDA:34,1,0,0
BRDA:34,1,1,0
BRDA:49,2,0,0
BRDA:52,3,0,0
BRDA:52,3,1,0
BRF:7
BRH:0
end_of_record
TN:
SF:src/auth/auth.service.ts
FN:25,(anonymous_0)
FN:33,(anonymous_1)
FN:45,(anonymous_2)
FN:50,(anonymous_3)
FN:59,(anonymous_4)
FN:70,(anonymous_5)
FN:100,(anonymous_6)
FN:168,(anonymous_7)
FN:236,(anonymous_8)
FNF:9
FNH:7
FNDA:3,(anonymous_0)
FNDA:15,(anonymous_1)
FNDA:6,(anonymous_2)
FNDA:17,(anonymous_3)
FNDA:98,(anonymous_4)
FNDA:6,(anonymous_5)
FNDA:0,(anonymous_6)
FNDA:0,(anonymous_7)
FNDA:12,(anonymous_8)
DA:27,3
DA:28,3
DA:29,3
DA:34,15
DA:36,15
DA:46,6
DA:51,17
DA:60,98
DA:62,85
DA:63,0
DA:66,85
DA:72,6
DA:77,6
DA:78,0
DA:84,6
DA:90,6
DA:91,0
DA:96,6
DA:102,0
DA:106,0
DA:108,0
DA:109,0
DA:111,0
DA:129,0
DA:140,0
DA:147,0
DA:148,0
DA:149,0
DA:152,0
DA:157,0
DA:164,0
DA:170,0
DA:174,0
DA:176,0
DA:177,0
DA:179,0
DA:197,0
DA:208,0
DA:215,0
DA:216,0
DA:217,0
DA:220,0
DA:225,0
DA:232,0
DA:242,12
DA:243,12
DA:244,12
DA:246,12
DA:250,12
DA:251,1
DA:257,11
DA:275,11
DA:286,11
DA:293,11
DA:294,11
DA:295,11
DA:298,11
DA:303,11
LF:58
LH:29
BRDA:62,0,0,0
BRDA:62,0,1,85
BRDA:77,1,0,0
BRDA:77,1,1,6
BRDA:90,2,0,0
BRDA:90,2,1,6
BRDA:106,3,0,0
BRDA:106,3,1,0
BRDA:116,4,0,0
BRDA:116,4,1,0
BRDA:132,5,0,0
BRDA:132,5,1,0
BRDA:174,6,0,0
BRDA:174,6,1,0
BRDA:184,7,0,0
BRDA:184,7,1,0
BRDA:200,8,0,0
BRDA:200,8,1,0
BRDA:250,9,0,1
BRDA:250,9,1,11
BRF:20
BRH:5
end_of_record
TN:
SF:src/auth/roles.ts
FNF:0
FNH:0
DA:2,3
LF:1
LH:1
BRF:0
BRH:0
end_of_record
TN:
SF:src/auth/decorators/currentUser.decorator.ts
FN:4,(anonymous_0)
FNF:1
FNH:0
FNDA:0,(anonymous_0)
DA:3,0
DA:5,0
DA:6,0
LF:3
LH:0
BRF:0
BRH:0
end_of_record
TN:
SF:src/auth/decorators/public.decorator.ts
FN:4,(anonymous_0)
FNF:1
FNH:1
FNDA:24,(anonymous_0)
DA:3,3
DA:4,24
LF:2
LH:2
BRF:0
BRH:0
end_of_record
TN:
SF:src/auth/decorators/roles.decorator.ts
FN:4,(anonymous_0)
FNF:1
FNH:1
FNDA:168,(anonymous_0)
DA:3,3
DA:4,168
LF:2
LH:2
BRF:0
BRH:0
end_of_record
TN:
SF:src/auth/guards/auth.guard.ts
FN:15,(anonymous_0)
FN:20,(anonymous_1)
FN:54,(anonymous_2)
FNF:3
FNH:3
FNDA:3,(anonymous_0)
FNDA:129,(anonymous_1)
FNDA:121,(anonymous_2)
DA:16,3
DA:17,3
DA:21,129
DA:25,129
DA:26,8
DA:29,121
DA:30,121
DA:31,121
DA:32,23
DA:35,98
DA:36,98
DA:38,85
DA:44,13
DA:45,0
DA:47,13
DA:50,85
DA:55,121
DA:56,121
LF:18
LH:17
BRDA:25,0,0,8
BRDA:25,0,1,121
BRDA:31,1,0,23
BRDA:31,1,1,98
BRDA:44,2,0,0
BRDA:44,2,1,13
BRDA:55,3,0,121
BRDA:55,3,1,23
BRDA:56,4,0,98
BRDA:56,4,1,23
BRF:10
BRH:9
end_of_record
TN:
SF:src/auth/guards/delete.guard.ts
FN:15,(anonymous_0)
FN:17,(anonymous_1)
FNF:2
FNH:0
FNDA:0,(anonymous_0)
FNDA:0,(anonymous_1)
DA:15,0
DA:18,0
DA:19,0
DA:20,0
DA:22,0
DA:23,0
DA:27,0
DA:28,0
DA:29,0
DA:33,0
DA:34,0
DA:37,0
LF:12
LH:0
BRDA:22,0,0,0
BRDA:22,0,1,0
BRDA:28,1,0,0
BRDA:28,1,1,0
BRDA:33,2,0,0
BRDA:33,2,1,0
BRDA:33,3,0,0
BRDA:33,3,1,0
BRF:8
BRH:0
end_of_record
TN:
SF:src/auth/guards/roles.guard.ts
FN:14,(anonymous_0)
FN:16,(anonymous_1)
FN:34,(anonymous_2)
FNF:3
FNH:3
FNDA:3,(anonymous_0)
FNDA:93,(anonymous_1)
FNDA:85,(anonymous_2)
DA:14,3
DA:17,93
DA:22,93
DA:23,8
DA:26,85
DA:28,85
DA:29,0
DA:32,85
DA:34,85
DA:36,85
DA:37,3
DA:40,82
LF:12
LH:11
BRDA:22,0,0,8
BRDA:22,0,1,85
BRDA:28,1,0,0
BRDA:28,1,1,85
BRDA:36,2,0,3
BRDA:36,2,1,82
BRF:6
BRH:5
end_of_record
TN:
SF:src/auth/guards/userAccess.guard.ts
FN:10,(anonymous_0)
FNF:1
FNH:1
FNDA:80,(anonymous_0)
DA:11,80
DA:13,80
DA:14,0
DA:18,80
DA:21,80
DA:22,0
DA:26,80
LF:7
LH:5
BRDA:13,0,0,0
BRDA:13,0,1,80
BRDA:18,1,0,80
BRDA:18,1,1,47
BRDA:18,1,2,47
BRDA:18,1,3,47
BRDA:21,2,0,0
BRDA:21,2,1,80
BRF:8
BRH:6
end_of_record
TN:
SF:src/auth/interceptors/authDelay.interceptors.ts
FN:12,(anonymous_0)
FN:14,(anonymous_1)
FNF:2
FNH:1
FNDA:3,(anonymous_0)
FNDA:0,(anonymous_1)
DA:12,3
DA:15,0
DA:16,0
DA:17,0
LF:4
LH:1
BRF:0
BRH:0
end_of_record
TN:
SF:src/auth/pipes/parseSetId.pipe.ts
FN:6,(anonymous_0)
FNF:1
FNH:1
FNDA:36,(anonymous_0)
DA:7,36
DA:8,5
DA:10,31
LF:3
LH:3
BRDA:7,0,0,5
BRDA:7,0,1,31
BRF:2
BRH:2
end_of_record
TN:
SF:src/auth/pipes/parseUserId.pipe.ts
FN:14,(anonymous_0)
FN:18,(anonymous_1)
FNF:2
FNH:2
FNDA:65,(anonymous_0)
FNDA:38,(anonymous_1)
DA:15,65
DA:19,38
DA:20,0
DA:22,0
DA:23,0
DA:26,0
DA:29,38
DA:30,0
DA:33,38
LF:9
LH:4
BRDA:19,0,0,0
BRDA:19,0,1,38
BRDA:22,1,0,0
BRDA:22,1,1,0
BRDA:22,2,0,0
BRDA:22,2,1,0
BRDA:29,3,0,0
BRDA:29,3,1,38
BRDA:29,4,0,38
BRDA:29,4,1,38
BRF:10
BRH:4
end_of_record
TN:
SF:src/classroom/classroom.controller.ts
FN:50,(anonymous_0)
FN:64,(anonymous_1)
FN:81,(anonymous_2)
FN:94,(anonymous_3)
FN:107,(anonymous_4)
FN:122,(anonymous_5)
FN:139,(anonymous_6)
FN:155,(anonymous_7)
FN:171,(anonymous_8)
FN:189,(anonymous_9)
FN:205,(anonymous_10)
FN:219,(anonymous_11)
FN:235,(anonymous_12)
FNF:13
FNH:1
FNDA:3,(anonymous_0)
FNDA:0,(anonymous_1)
FNDA:0,(anonymous_2)
FNDA:0,(anonymous_3)
FNDA:0,(anonymous_4)
FNDA:0,(anonymous_5)
FNDA:0,(anonymous_6)
FNDA:0,(anonymous_7)
FNDA:0,(anonymous_8)
FNDA:0,(anonymous_9)
FNDA:0,(anonymous_10)
FNDA:0,(anonymous_11)
FNDA:0,(anonymous_12)
DA:50,3
DA:65,0
DA:84,0
DA:97,0
DA:110,0
DA:126,0
DA:127,0
DA:128,0
DA:143,0
DA:144,0
DA:159,0
DA:160,0
DA:161,0
DA:176,0
DA:177,0
DA:193,0
DA:194,0
DA:208,0
DA:223,0
DA:224,0
DA:236,0
LF:21
LH:1
BRF:0
BRH:0
end_of_record
TN:
SF:src/classroom/classroom.service.ts
FN:42,(anonymous_0)
FN:48,(anonymous_1)
FN:76,(anonymous_2)
FN:105,(anonymous_3)
FN:183,(anonymous_4)
FN:194,(anonymous_5)
FN:210,(anonymous_6)
FN:224,(anonymous_7)
FN:241,(anonymous_8)
FN:245,(anonymous_9)
FN:265,(anonymous_10)
FN:329,(anonymous_11)
FN:357,(anonymous_12)
FN:368,(anonymous_13)
FN:383,(anonymous_14)
FN:400,(anonymous_15)
FNF:16
FNH:4
FNDA:5,(anonymous_0)
FNDA:0,(anonymous_1)
FNDA:0,(anonymous_2)
FNDA:0,(anonymous_3)
FNDA:0,(anonymous_4)
FNDA:0,(anonymous_5)
FNDA:0,(anonymous_6)
FNDA:0,(anonymous_7)
FNDA:0,(anonymous_8)
FNDA:2,(anonymous_9)
FNDA:2,(anonymous_10)
FNDA:2,(anonymous_11)
FNDA:0,(anonymous_12)
FNDA:0,(anonymous_13)
FNDA:0,(anonymous_14)
FNDA:0,(anonymous_15)
DA:44,5
DA:52,0
DA:53,0
DA:55,0
DA:64,0
DA:71,0
DA:72,0
DA:73,0
DA:77,0
DA:78,0
DA:82,0
DA:83,0
DA:84,0
DA:86,0
DA:87,0
DA:88,0
DA:91,0
DA:94,0
DA:101,0
DA:102,0
DA:107,0
DA:110,0
DA:111,0
DA:115,0
DA:122,0
DA:123,0
DA:131,0
DA:132,0
DA:136,0
DA:137,0
DA:143,0
DA:147,0
DA:148,0
DA:149,0
DA:151,0
DA:155,0
DA:156,0
DA:159,0
DA:160,0
DA:164,0
DA:177,0
DA:178,0
DA:184,0
DA:189,0
DA:190,0
DA:198,0
DA:199,0
DA:206,0
DA:207,0
DA:211,0
DA:218,0
DA:219,0
DA:222,0
DA:223,0
DA:225,0
DA:228,0
DA:229,0
DA:232,0
DA:235,0
DA:242,0
DA:246,2
DA:250,2
DA:251,0
DA:253,2
DA:266,2
DA:270,2
DA:272,2
DA:274,4
DA:278,4
DA:279,0
DA:280,0
DA:283,4
DA:284,4
DA:288,4
DA:289,4
DA:300,0
DA:304,4
DA:305,0
DA:309,0
DA:310,0
DA:321,0
DA:326,2
DA:330,2
DA:334,2
DA:336,2
DA:337,4
DA:341,4
DA:342,0
DA:354,2
DA:359,0
DA:360,0
DA:361,0
DA:364,0
DA:365,0
DA:369,0
DA:379,0
DA:380,0
DA:384,0
DA:395,0
DA:396,0
DA:401,0
DA:406,0
DA:407,0
LF:103
LH:21
BRDA:82,0,0,0
BRDA:82,0,1,0
BRDA:86,1,0,0
BRDA:86,1,1,0
BRDA:110,2,0,0
BRDA:110,2,1,0
BRDA:122,3,0,0
BRDA:122,3,1,0
BRDA:136,4,0,0
BRDA:136,4,1,0
BRDA:147,5,0,0
BRDA:147,5,1,0
BRDA:155,6,0,0
BRDA:155,6,1,0
BRDA:189,7,0,0
BRDA:189,7,1,0
BRDA:218,8,0,0
BRDA:218,8,1,0
BRDA:222,9,0,0
BRDA:222,9,1,0
BRDA:228,10,0,0
BRDA:228,10,1,0
BRDA:250,11,0,0
BRDA:250,11,1,2
BRDA:278,12,0,0
BRDA:278,12,1,4
BRDA:283,13,0,4
BRDA:283,13,1,0
BRDA:288,14,0,4
BRDA:288,14,1,0
BRDA:304,15,0,0
BRDA:304,15,1,4
BRDA:309,16,0,0
BRDA:309,16,1,0
BRDA:341,17,0,0
BRDA:341,17,1,4
BRDA:360,18,0,0
BRDA:360,18,1,0
BRDA:395,19,0,0
BRDA:395,19,1,0
BRDA:406,20,0,0
BRDA:406,20,1,0
BRF:42
BRH:6
end_of_record
TN:
SF:src/core/customLogger.ts
FN:8,(anonymous_0)
FN:12,(anonymous_1)
FN:16,(anonymous_2)
FN:20,(anonymous_3)
FN:24,(anonymous_4)
FNF:5
FNH:0
FNDA:0,(anonymous_0)
FNDA:0,(anonymous_1)
FNDA:0,(anonymous_2)
FNDA:0,(anonymous_3)
FNDA:0,(anonymous_4)
DA:9,0
DA:13,0
DA:17,0
DA:21,0
DA:25,0
LF:5
LH:0
BRF:0
BRH:0
end_of_record
TN:
SF:src/folder/folder.controller.ts
FN:40,(anonymous_0)
FN:54,(anonymous_1)
FN:69,(anonymous_2)
FN:87,(anonymous_3)
FN:107,(anonymous_4)
FN:124,(anonymous_5)
FNF:6
FNH:0
FNDA:0,(anonymous_0)
FNDA:0,(anonymous_1)
FNDA:0,(anonymous_2)
FNDA:0,(anonymous_3)
FNDA:0,(anonymous_4)
FNDA:0,(anonymous_5)
DA:40,0
DA:55,0
DA:72,0
DA:91,0
DA:92,0
DA:110,0
DA:128,0
DA:129,0
LF:8
LH:0
BRF:0
BRH:0
end_of_record
TN:
SF:src/folder/folder.service.ts
FN:19,(anonymous_0)
FN:25,(anonymous_1)
FN:36,(anonymous_2)
FN:42,(anonymous_3)
FN:50,(anonymous_4)
FN:79,(anonymous_5)
FN:93,(anonymous_6)
FNF:7
FNH:1
FNDA:3,(anonymous_0)
FNDA:0,(anonymous_1)
FNDA:0,(anonymous_2)
FNDA:0,(anonymous_3)
FNDA:0,(anonymous_4)
FNDA:0,(anonymous_5)
FNDA:0,(anonymous_6)
DA:21,3
DA:26,0
DA:27,0
DA:32,0
DA:33,0
DA:37,0
DA:43,0
DA:51,0
DA:53,0
DA:57,0
DA:59,0
DA:60,0
DA:63,0
DA:64,0
DA:65,0
DA:67,0
DA:74,0
DA:76,0
DA:80,0
DA:84,0
DA:87,0
DA:94,0
DA:99,0
DA:100,0
LF:24
LH:1
BRDA:59,0,0,0
BRDA:59,0,1,0
BRDA:99,1,0,0
BRDA:99,1,1,0
BRF:4
BRH:0
end_of_record
TN:
SF:src/health/health.controller.ts
FN:21,(anonymous_0)
FNF:1
FNH:0
FNDA:0,(anonymous_0)
DA:22,0
LF:1
LH:0
BRF:0
BRH:0
end_of_record
TN:
SF:src/lib/http-exception.filter.ts
FN:15,(anonymous_0)
FNF:1
FNH:0
FNDA:0,(anonymous_0)
DA:16,0
DA:17,0
DA:18,0
DA:20,0
DA:27,0
DA:28,0
DA:30,0
DA:36,0
DA:39,0
DA:45,0
DA:49,0
DA:53,0
LF:12
LH:0
BRDA:27,0,0,0
BRDA:27,0,1,0
BRDA:30,1,0,0
BRDA:30,1,1,0
BRDA:31,2,0,0
BRDA:31,2,1,0
BRDA:31,2,2,0
BRDA:31,2,3,0
BRDA:39,3,0,0
BRDA:39,3,1,0
BRDA:40,4,0,0
BRDA:40,4,1,0
BRDA:40,4,2,0
BRDA:40,4,3,0
BRF:14
BRH:0
end_of_record
TN:
SF:src/lib/logger.middleware.ts
FN:9,(anonymous_0)
FN:10,(anonymous_1)
FNF:2
FNH:2
FNDA:129,(anonymous_0)
FNDA:129,(anonymous_1)
DA:7,3
DA:10,129
DA:11,129
DA:13,129
DA:15,129
DA:16,0
DA:17,129
DA:18,80
DA:20,49
DA:24,129
LF:10
LH:9
BRDA:15,0,0,0
BRDA:15,0,1,129
BRDA:17,1,0,80
BRDA:17,1,1,49
BRF:4
BRH:3
end_of_record
TN:
SF:src/profile/profile.controller.ts
FN:26,(anonymous_0)
FN:40,(anonymous_1)
FN:56,(anonymous_2)
FNF:3
FNH:3
FNDA:3,(anonymous_0)
FNDA:1,(anonymous_1)
FNDA:2,(anonymous_2)
DA:26,3
DA:41,1
DA:59,2
LF:3
LH:3
BRF:0
BRH:0
end_of_record
TN:
SF:src/profile/profile.service.ts
FN:14,(anonymous_0)
FN:19,(anonymous_1)
FN:23,(anonymous_2)
FNF:3
FNH:3
FNDA:3,(anonymous_0)
FNDA:1,(anonymous_1)
FNDA:2,(anonymous_2)
DA:16,3
DA:20,1
DA:24,2
DA:27,2
DA:28,1
DA:31,1
DA:34,1
DA:38,1
LF:8
LH:8
BRDA:27,0,0,1
BRDA:27,0,1,1
BRF:2
BRH:2
end_of_record
TN:
SF:src/scaleway/scaleway-storage.service.ts
FN:14,(anonymous_0)
FN:40,(anonymous_1)
FN:46,(anonymous_2)
FN:78,(anonymous_3)
FN:86,(anonymous_4)
FN:96,(anonymous_5)
FNF:6
FNH:2
FNDA:3,(anonymous_0)
FNDA:3,(anonymous_1)
FNDA:0,(anonymous_2)
FNDA:0,(anonymous_3)
FNDA:0,(anonymous_4)
FNDA:0,(anonymous_5)
DA:12,3
DA:14,3
DA:16,3
DA:17,3
DA:18,3
DA:19,3
DA:21,3
DA:22,0
DA:27,3
DA:28,3
DA:30,3
DA:41,3
DA:42,3
DA:43,3
DA:51,0
DA:52,0
DA:54,0
DA:55,0
DA:63,0
DA:65,0
DA:66,0
DA:68,0
DA:70,0
DA:74,0
DA:82,0
DA:83,0
DA:86,0
DA:87,0
DA:90,0
DA:97,0
DA:99,0
DA:102,0
DA:104,0
DA:105,0
DA:108,0
DA:110,0
DA:111,0
DA:116,0
DA:117,0
DA:119,0
DA:120,0
LF:41
LH:13
BRDA:21,0,0,0
BRDA:21,0,1,3
BRDA:21,1,0,3
BRDA:21,1,1,3
BRDA:21,1,2,3
BRDA:49,2,0,0
BRDA:82,3,0,0
BRDA:82,3,1,0
BRDA:82,4,0,0
BRDA:82,4,1,0
BRDA:104,5,0,0
BRDA:104,5,1,0
BRDA:104,6,0,0
BRDA:104,6,1,0
BRF:14
BRH:4
end_of_record
TN:
SF:src/search/search.controller.ts
FN:20,(anonymous_0)
FN:44,(anonymous_1)
FNF:2
FNH:1
FNDA:3,(anonymous_0)
FNDA:0,(anonymous_1)
DA:20,3
DA:48,0
LF:2
LH:1
BRF:0
BRH:0
end_of_record
TN:
SF:src/search/search.service.ts
FN:27,(anonymous_0)
FN:32,(anonymous_1)
FN:65,(anonymous_2)
FNF:3
FNH:1
FNDA:3,(anonymous_0)
FNDA:0,(anonymous_1)
FNDA:0,(anonymous_2)
DA:29,3
DA:33,0
DA:37,0
DA:59,0
DA:60,0
DA:61,0
DA:65,0
DA:66,0
DA:76,0
DA:79,0
DA:80,0
DA:84,0
DA:85,0
DA:89,0
DA:98,0
DA:103,0
DA:104,0
DA:105,0
DA:109,0
DA:111,0
DA:112,0
DA:114,0
DA:121,0
DA:135,0
DA:139,0
DA:140,0
DA:141,0
DA:145,0
DA:147,0
DA:148,0
DA:150,0
DA:157,0
DA:171,0
DA:174,0
LF:34
LH:1
BRDA:84,0,0,0
BRDA:84,0,1,0
BRDA:111,1,0,0
BRDA:111,1,1,0
BRDA:147,2,0,0
BRDA:147,2,1,0
BRF:6
BRH:0
end_of_record
TN:
SF:src/session/session.controller.ts
FN:34,(anonymous_0)
FN:51,(anonymous_1)
FN:64,(anonymous_2)
FN:74,(anonymous_3)
FN:99,(anonymous_4)
FN:109,(anonymous_5)
FN:126,(anonymous_6)
FN:136,(anonymous_7)
FNF:8
FNH:1
FNDA:3,(anonymous_0)
FNDA:0,(anonymous_1)
FNDA:0,(anonymous_2)
FNDA:0,(anonymous_3)
FNDA:0,(anonymous_4)
FNDA:0,(anonymous_5)
FNDA:0,(anonymous_6)
FNDA:0,(anonymous_7)
DA:35,3
DA:36,3
DA:52,0
DA:53,0
DA:75,0
DA:77,0
DA:79,0
DA:80,0
DA:81,0
DA:83,0
DA:84,0
DA:86,0
DA:88,0
DA:110,0
DA:113,0
DA:116,0
DA:137,0
LF:17
LH:2
BRDA:83,0,0,0
BRDA:83,0,1,0
BRDA:113,1,0,0
BRDA:113,1,1,0
BRF:4
BRH:0
end_of_record
TN:
SF:src/session/strategies/facebook.strategy.ts
FN:8,(anonymous_0)
FN:21,(anonymous_1)
FNF:2
FNH:0
FNDA:0,(anonymous_0)
FNDA:0,(anonymous_1)
DA:9,0
DA:18,0
DA:22,0
DA:28,0
LF:4
LH:0
BRDA:13,0,0,0
BRDA:13,0,1,0
BRDA:23,1,0,0
BRDA:23,1,1,0
BRDA:25,2,0,0
BRDA:25,2,1,0
BRF:6
BRH:0
end_of_record
TN:
SF:src/session/strategies/google.strategy.ts
FN:8,(anonymous_0)
FN:21,(anonymous_1)
FNF:2
FNH:1
FNDA:3,(anonymous_0)
FNDA:0,(anonymous_1)
DA:9,3
DA:17,3
DA:18,3
DA:27,0
DA:28,0
DA:29,0
DA:36,0
LF:7
LH:3
BRDA:13,0,0,3
BRDA:13,0,1,0
BRDA:30,1,0,0
BRDA:30,1,1,0
BRDA:31,2,0,0
BRDA:31,2,1,0
BRDA:32,3,0,0
BRDA:32,3,1,0
BRDA:33,4,0,0
BRDA:33,4,1,0
BRF:10
BRH:1
end_of_record
TN:
SF:src/session/strategies/microsoft.strategy.ts
FN:16,(anonymous_0)
FN:29,(anonymous_1)
FNF:2
FNH:1
FNDA:3,(anonymous_0)
FNDA:0,(anonymous_1)
DA:17,3
DA:26,3
DA:34,0
LF:3
LH:2
BRDA:21,0,0,3
BRDA:21,0,1,0
BRDA:35,1,0,0
BRDA:35,1,1,0
BRDA:35,1,2,0
BRDA:36,2,0,0
BRDA:36,2,1,0
BRDA:37,3,0,0
BRDA:37,3,1,0
BRF:9
BRH:1
end_of_record
TN:
SF:src/studysession/studysession.controller.ts
FN:47,(anonymous_0)
FN:60,(anonymous_1)
FN:75,(anonymous_2)
FN:95,(anonymous_3)
FN:116,(anonymous_4)
FNF:5
FNH:1
FNDA:3,(anonymous_0)
FNDA:0,(anonymous_1)
FNDA:0,(anonymous_2)
FNDA:0,(anonymous_3)
FNDA:0,(anonymous_4)
DA:47,3
DA:61,0
DA:79,0
DA:80,0
DA:100,0
DA:101,0
DA:120,0
DA:121,0
LF:8
LH:1
BRF:0
BRH:0
end_of_record
TN:
SF:src/studysession/studysession.service.ts
FN:16,(anonymous_0)
FN:21,(anonymous_1)
FN:41,(anonymous_2)
FN:67,(anonymous_3)
FN:157,(anonymous_4)
FNF:5
FNH:1
FNDA:3,(anonymous_0)
FNDA:0,(anonymous_1)
FNDA:0,(anonymous_2)
FNDA:0,(anonymous_3)
FNDA:0,(anonymous_4)
DA:18,3
DA:22,0
DA:23,0
DA:24,0
DA:25,0
DA:29,0
DA:32,0
DA:38,0
DA:45,0
DA:52,0
DA:53,0
DA:56,0
DA:60,0
DA:64,0
DA:72,0
DA:93,0
DA:94,0
DA:97,0
DA:98,0
DA:100,0
DA:101,0
DA:103,0
DA:123,0
DA:124,0
DA:129,0
DA:130,0
DA:131,0
DA:148,0
DA:149,0
DA:154,0
DA:158,0
DA:168,0
DA:169,0
LF:33
LH:1
BRDA:52,0,0,0
BRDA:52,0,1,0
BRDA:93,1,0,0
BRDA:93,1,1,0
BRDA:97,2,0,0
BRDA:97,2,1,0
BRDA:100,3,0,0
BRDA:100,3,1,0
BRDA:100,4,0,0
BRDA:100,4,1,0
BRDA:123,5,0,0
BRDA:123,5,1,0
BRDA:129,6,0,0
BRDA:129,6,1,0
BRDA:148,7,0,0
BRDA:148,7,1,0
BRDA:168,8,0,0
BRDA:168,8,1,0
BRF:18
BRH:0
end_of_record
TN:
SF:src/studyset/studyset.service.ts
FN:43,(anonymous_0)
FN:49,(anonymous_1)
FN:99,(anonymous_2)
FN:100,(anonymous_3)
FN:136,(anonymous_4)
FN:140,(anonymous_5)
FN:185,(anonymous_6)
FN:202,(anonymous_7)
FN:210,(anonymous_8)
FN:231,(anonymous_9)
FN:236,(anonymous_10)
FN:273,(anonymous_11)
FN:283,(anonymous_12)
FN:306,(anonymous_13)
FN:332,(anonymous_14)
FN:355,(anonymous_15)
FN:370,(anonymous_16)
FN:381,(anonymous_17)
FN:387,(anonymous_18)
FN:431,(anonymous_19)
FNF:20
FNH:19
FNDA:3,(anonymous_0)
FNDA:5,(anonymous_1)
FNDA:5,(anonymous_2)
FNDA:9,(anonymous_3)
FNDA:1,(anonymous_4)
FNDA:9,(anonymous_5)
FNDA:5,(anonymous_6)
FNDA:8,(anonymous_7)
FNDA:2,(anonymous_8)
FNDA:1,(anonymous_9)
FNDA:4,(anonymous_10)
FNDA:1,(anonymous_11)
FNDA:1,(anonymous_12)
FNDA:7,(anonymous_13)
FNDA:2,(anonymous_14)
FNDA:2,(anonymous_15)
FNDA:3,(anonymous_16)
FNDA:0,(anonymous_17)
FNDA:2,(anonymous_18)
FNDA:2,(anonymous_19)
DA:45,3
DA:53,5
DA:54,5
DA:55,5
DA:58,5
DA:59,0
DA:62,5
DA:78,5
DA:98,5
DA:99,5
DA:100,5
DA:101,9
DA:117,9
DA:121,5
DA:122,5
DA:123,5
DA:130,5
DA:131,9
DA:133,5
DA:137,1
DA:141,9
DA:145,9
DA:146,2
DA:150,7
DA:154,7
DA:155,7
DA:156,0
DA:159,0
DA:160,0
DA:165,7
DA:170,7
DA:177,7
DA:178,7
DA:179,7
DA:183,7
DA:185,5
DA:191,7
DA:196,7
DA:200,7
DA:202,8
DA:214,2
DA:221,2
DA:222,1
DA:225,1
DA:229,1
DA:231,1
DA:241,4
DA:242,4
DA:244,4
DA:247,4
DA:248,1
DA:251,3
DA:252,1
DA:255,2
DA:267,2
DA:268,0
DA:271,2
DA:272,1
DA:274,1
DA:275,0
DA:278,1
DA:283,1
DA:285,1
DA:286,0
DA:289,1
DA:303,2
DA:307,7
DA:310,7
DA:311,1
DA:314,6
DA:315,1
DA:318,5
DA:323,5
DA:324,5
DA:325,0
DA:327,5
DA:328,0
DA:336,2
DA:339,2
DA:340,0
DA:343,2
DA:344,1
DA:347,1
DA:352,1
DA:356,2
DA:357,2
DA:365,2
DA:367,2
DA:371,3
DA:376,3
DA:377,1
DA:382,0
DA:392,2
DA:396,2
DA:397,1
DA:400,1
DA:401,1
DA:403,1
DA:422,1
DA:425,1
DA:430,1
DA:432,2
DA:444,2
DA:445,2
DA:449,1
LF:105
LH:94
BRDA:58,0,0,0
BRDA:58,0,1,5
BRDA:105,1,0,9
BRDA:105,1,1,9
BRDA:145,2,0,2
BRDA:145,2,1,7
BRDA:159,3,0,0
BRDA:159,3,1,0
BRDA:178,4,0,7
BRDA:178,4,1,0
BRDA:221,5,0,1
BRDA:221,5,1,1
BRDA:247,6,0,1
BRDA:247,6,1,3
BRDA:251,7,0,1
BRDA:251,7,1,2
BRDA:267,8,0,0
BRDA:267,8,1,2
BRDA:271,9,0,1
BRDA:271,9,1,1
BRDA:271,10,0,2
BRDA:271,10,1,1
BRDA:274,11,0,0
BRDA:274,11,1,1
BRDA:285,12,0,0
BRDA:285,12,1,1
BRDA:310,13,0,1
BRDA:310,13,1,6
BRDA:314,14,0,1
BRDA:314,14,1,5
BRDA:324,15,0,0
BRDA:324,15,1,5
BRDA:327,16,0,0
BRDA:327,16,1,5
BRDA:339,17,0,0
BRDA:339,17,1,2
BRDA:343,18,0,1
BRDA:343,18,1,1
BRDA:376,19,0,1
BRDA:376,19,1,2
BRDA:396,20,0,1
BRDA:396,20,1,1
BRF:42
BRH:32
end_of_record
TN:
SF:src/studyset/studysets.controller.ts
FN:54,(anonymous_0)
FN:68,(anonymous_1)
FN:83,(anonymous_2)
FN:103,(anonymous_3)
FN:123,(anonymous_4)
FN:143,(anonymous_5)
FN:165,(anonymous_6)
FN:185,(anonymous_7)
FN:206,(anonymous_8)
FN:227,(anonymous_9)
FN:251,(anonymous_10)
FN:271,(anonymous_11)
FNF:12
FNH:11
FNDA:3,(anonymous_0)
FNDA:1,(anonymous_1)
FNDA:2,(anonymous_2)
FNDA:6,(anonymous_3)
FNDA:0,(anonymous_4)
FNDA:5,(anonymous_5)
FNDA:2,(anonymous_6)
FNDA:2,(anonymous_7)
FNDA:4,(anonymous_8)
FNDA:3,(anonymous_9)
FNDA:7,(anonymous_10)
FNDA:3,(anonymous_11)
DA:54,3
DA:69,1
DA:87,2
DA:88,2
DA:107,6
DA:108,6
DA:127,0
DA:147,5
DA:148,5
DA:169,2
DA:170,2
DA:189,2
DA:190,2
DA:211,4
DA:212,4
DA:232,3
DA:233,1
DA:235,2
DA:236,2
DA:255,7
DA:256,7
DA:275,3
DA:276,3
LF:23
LH:22
BRDA:232,0,0,1
BRDA:232,0,1,2
BRF:2
BRH:2
end_of_record
TN:
SF:src/user/users.controller.ts
FN:64,(anonymous_0)
FN:81,(anonymous_1)
FN:99,(anonymous_2)
FN:115,(anonymous_3)
FN:146,(anonymous_4)
FN:168,(anonymous_5)
FN:190,(anonymous_6)
FN:207,(anonymous_7)
FN:226,(anonymous_8)
FN:249,(anonymous_9)
FN:281,(anonymous_10)
FN:311,(anonymous_11)
FN:341,(anonymous_12)
FNF:13
FNH:13
FNDA:65,(anonymous_0)
FNDA:2,(anonymous_1)
FNDA:1,(anonymous_2)
FNDA:3,(anonymous_3)
FNDA:2,(anonymous_4)
FNDA:2,(anonymous_5)
FNDA:2,(anonymous_6)
FNDA:2,(anonymous_7)
FNDA:2,(anonymous_8)
FNDA:8,(anonymous_9)
FNDA:3,(anonymous_10)
FNDA:4,(anonymous_11)
FNDA:5,(anonymous_12)
DA:65,65
DA:66,65
DA:84,2
DA:85,1
DA:100,1
DA:120,3
DA:121,3
DA:122,1
DA:126,2
DA:127,1
DA:131,1
DA:150,2
DA:151,0
DA:153,2
DA:172,2
DA:173,0
DA:175,2
DA:193,2
DA:211,2
DA:230,2
DA:231,1
DA:233,1
DA:255,8
DA:256,8
DA:257,1
DA:261,7
DA:262,1
DA:266,6
DA:286,3
DA:287,3
DA:288,1
DA:292,2
DA:293,1
DA:296,1
DA:316,4
DA:317,4
DA:318,1
DA:322,3
DA:323,1
DA:326,2
DA:346,5
DA:347,1
DA:349,4
LF:43
LH:41
BRDA:121,0,0,1
BRDA:121,0,1,2
BRDA:126,1,0,1
BRDA:126,1,1,1
BRDA:126,2,0,2
BRDA:126,2,1,2
BRDA:150,3,0,0
BRDA:150,3,1,2
BRDA:150,4,0,2
BRDA:150,4,1,0
BRDA:172,5,0,0
BRDA:172,5,1,2
BRDA:172,6,0,2
BRDA:172,6,1,0
BRDA:230,7,0,1
BRDA:230,7,1,1
BRDA:230,8,0,2
BRDA:230,8,1,1
BRDA:256,9,0,1
BRDA:256,9,1,7
BRDA:261,10,0,1
BRDA:261,10,1,6
BRDA:261,11,0,7
BRDA:261,11,1,7
BRDA:287,12,0,1
BRDA:287,12,1,2
BRDA:292,13,0,1
BRDA:292,13,1,1
BRDA:292,14,0,2
BRDA:292,14,1,2
BRDA:317,15,0,1
BRDA:317,15,1,3
BRDA:322,16,0,1
BRDA:322,16,1,2
BRDA:322,17,0,3
BRDA:322,17,1,3
BRDA:346,18,0,1
BRDA:346,18,1,4
BRDA:346,19,0,5
BRDA:346,19,1,1
BRF:40
BRH:36
end_of_record
TN:
SF:src/user/users.service.ts
FN:74,(anonymous_0)
FN:81,(anonymous_1)
FN:91,(anonymous_2)
FN:102,(anonymous_3)
FN:112,(anonymous_4)
FN:130,(anonymous_5)
FN:158,(anonymous_6)
FN:162,(anonymous_7)
FN:168,(anonymous_8)
FN:182,(anonymous_9)
FN:190,(anonymous_10)
FN:192,(anonymous_11)
FN:223,(anonymous_12)
FN:253,(anonymous_13)
FN:265,(anonymous_14)
FN:277,(anonymous_15)
FN:278,(anonymous_16)
FN:285,(anonymous_17)
FN:286,(anonymous_18)
FN:312,(anonymous_19)
FN:373,(anonymous_20)
FN:383,(anonymous_21)
FN:402,(anonymous_22)
FN:422,(anonymous_23)
FN:467,(anonymous_24)
FN:480,(anonymous_25)
FN:484,(anonymous_26)
FN:500,(anonymous_27)
FN:508,(anonymous_28)
FN:512,(anonymous_29)
FN:518,(anonymous_30)
FN:527,(anonymous_31)
FN:554,(anonymous_32)
FN:565,(anonymous_33)
FN:566,(anonymous_34)
FN:573,(anonymous_35)
FN:574,(anonymous_36)
FN:595,(anonymous_37)
FN:596,(anonymous_38)
FNF:39
FNH:32
FNDA:3,(anonymous_0)
FNDA:20,(anonymous_1)
FNDA:2,(anonymous_2)
FNDA:1,(anonymous_3)
FNDA:6,(anonymous_4)
FNDA:9,(anonymous_5)
FNDA:8,(anonymous_6)
FNDA:8,(anonymous_7)
FNDA:8,(anonymous_8)
FNDA:9,(anonymous_9)
FNDA:10,(anonymous_10)
FNDA:5,(anonymous_11)
FNDA:10,(anonymous_12)
FNDA:0,(anonymous_13)
FNDA:5,(anonymous_14)
FNDA:6,(anonymous_15)
FNDA:6,(anonymous_16)
FNDA:6,(anonymous_17)
FNDA:0,(anonymous_18)
FNDA:0,(anonymous_19)
FNDA:2,(anonymous_20)
FNDA:1,(anonymous_21)
FNDA:2,(anonymous_22)
FNDA:6,(anonymous_23)
FNDA:1,(anonymous_24)
FNDA:0,(anonymous_25)
FNDA:2,(anonymous_26)
FNDA:1,(anonymous_27)
FNDA:3,(anonymous_28)
FNDA:0,(anonymous_29)
FNDA:4,(anonymous_30)
FNDA:3,(anonymous_31)
FNDA:4,(anonymous_32)
FNDA:8,(anonymous_33)
FNDA:8,(anonymous_34)
FNDA:8,(anonymous_35)
FNDA:0,(anonymous_36)
FNDA:8,(anonymous_37)
FNDA:0,(anonymous_38)
DA:76,3
DA:77,3
DA:82,20
DA:88,20
DA:92,2
DA:94,2
DA:103,1
DA:105,1
DA:113,6
DA:117,6
DA:118,0
DA:121,6
DA:133,9
DA:138,9
DA:142,9
DA:146,9
DA:149,9
DA:155,9
DA:158,8
DA:163,8
DA:164,0
DA:166,8
DA:169,8
DA:170,4
DA:172,4
DA:173,0
DA:175,4
DA:184,9
DA:189,9
DA:190,10
DA:193,5
DA:198,9
DA:200,9
DA:201,10
DA:202,10
DA:206,10
DA:208,10
DA:212,10
DA:216,10
DA:224,10
DA:231,10
DA:232,0
DA:236,0
DA:238,0
DA:242,0
DA:246,0
DA:254,0
DA:262,9
DA:269,5
DA:274,5
DA:277,6
DA:278,6
DA:282,5
DA:285,6
DA:286,0
DA:291,5
DA:292,5
DA:294,5
DA:295,3
DA:300,5
DA:301,0
DA:306,5
DA:316,0
DA:320,0
DA:321,0
DA:324,0
DA:327,0
DA:328,0
DA:329,0
DA:332,0
DA:333,0
DA:337,0
DA:341,0
DA:342,0
DA:345,0
DA:349,0
DA:350,0
DA:353,0
DA:357,0
DA:358,0
DA:378,2
DA:382,2
DA:383,1
DA:386,2
DA:388,2
DA:389,1
DA:393,1
DA:394,1
DA:397,2
DA:406,2
DA:413,2
DA:414,2
DA:415,2
DA:416,1
DA:419,1
DA:426,6
DA:429,6
DA:430,0
DA:433,6
DA:434,2
DA:438,2
DA:439,1
DA:445,5
DA:446,5
DA:447,1
DA:449,5
DA:464,5
DA:468,1
DA:472,1
DA:473,0
DA:476,1
DA:481,0
DA:485,2
DA:489,2
DA:490,0
DA:492,2
DA:501,1
DA:509,3
DA:510,3
DA:512,3
DA:513,0
DA:514,0
DA:518,3
DA:519,4
DA:520,4
DA:524,3
DA:528,3
DA:533,3
DA:534,3
DA:536,3
DA:537,3
DA:539,3
DA:547,3
DA:550,3
DA:557,4
DA:562,4
DA:565,8
DA:566,8
DA:570,4
DA:573,8
DA:574,0
DA:579,4
DA:580,4
DA:582,4
DA:583,4
DA:588,4
DA:589,0
DA:594,4
DA:595,8
DA:596,0
LF:150
LH:112
BRDA:117,0,0,0
BRDA:117,0,1,6
BRDA:163,1,0,0
BRDA:163,1,1,8
BRDA:169,2,0,4
BRDA:169,2,1,4
BRDA:172,3,0,0
BRDA:172,3,1,4
BRDA:201,4,0,10
BRDA:201,4,1,0
BRDA:206,5,0,0
BRDA:206,5,1,10
BRDA:224,6,0,10
BRDA:224,6,1,0
BRDA:231,7,0,0
BRDA:231,7,1,10
BRDA:236,8,0,0
BRDA:236,8,1,0
BRDA:254,9,0,0
BRDA:254,9,1,0
BRDA:294,10,0,3
BRDA:294,10,1,2
BRDA:300,11,0,0
BRDA:300,11,1,5
BRDA:320,12,0,0
BRDA:320,12,1,0
BRDA:332,13,0,0
BRDA:332,13,1,0
BRDA:341,14,0,0
BRDA:341,14,1,0
BRDA:349,15,0,0
BRDA:349,15,1,0
BRDA:393,16,0,1
BRDA:393,16,1,0
BRDA:415,17,0,1
BRDA:415,17,1,1
BRDA:429,18,0,0
BRDA:429,18,1,6
BRDA:433,19,0,2
BRDA:433,19,1,4
BRDA:438,20,0,1
BRDA:438,20,1,1
BRDA:446,21,0,1
BRDA:446,21,1,4
BRDA:452,22,0,5
BRDA:452,22,1,4
BRDA:453,23,0,6
BRDA:453,23,1,4
BRDA:454,24,0,6
BRDA:454,24,1,4
BRDA:455,25,0,6
BRDA:455,25,1,4
BRDA:456,26,0,6
BRDA:456,26,1,4
BRDA:457,27,0,6
BRDA:457,27,1,4
BRDA:458,28,0,6
BRDA:458,28,1,4
BRDA:459,29,0,6
BRDA:459,29,1,4
BRDA:460,30,0,6
BRDA:460,30,1,5
BRDA:472,31,0,0
BRDA:472,31,1,1
BRDA:489,32,0,0
BRDA:489,32,1,2
BRDA:513,33,0,0
BRDA:513,33,1,0
BRDA:513,34,0,0
BRDA:513,34,1,0
BRDA:519,35,0,4
BRDA:519,35,1,0
BRDA:519,36,0,4
BRDA:519,36,1,4
BRDA:582,37,0,4
BRDA:582,37,1,0
BRDA:588,38,0,0
BRDA:588,38,1,4
BRF:78
BRH:47
end_of_record
TN:
SF:src/validators/is-not-past-date.validator.ts
FN:7,IsNotPastDate
FN:8,(anonymous_1)
FN:15,(anonymous_2)
FN:23,(anonymous_3)
FNF:4
FNH:2
FNDA:3,IsNotPastDate
FNDA:3,(anonymous_1)
FNDA:0,(anonymous_2)
FNDA:0,(anonymous_3)
DA:8,3
DA:9,3
DA:16,0
DA:18,0
DA:19,0
DA:21,0
DA:24,0
LF:7
LH:2
BRDA:16,0,0,0
BRDA:16,0,1,0
BRF:2
BRH:0
end_of_record
TN:
SF:src/visualset/visualset.controller.ts
FN:63,(anonymous_0)
FN:80,(anonymous_1)
FN:96,(anonymous_2)
FN:116,(anonymous_3)
FN:174,(anonymous_4)
FN:192,(anonymous_5)
FN:198,(anonymous_6)
FN:229,(anonymous_7)
FN:250,(anonymous_8)
FN:272,(anonymous_9)
FN:293,(anonymous_10)
FN:313,(anonymous_11)
FN:336,(anonymous_12)
FNF:13
FNH:1
FNDA:3,(anonymous_0)
FNDA:0,(anonymous_1)
FNDA:0,(anonymous_2)
FNDA:0,(anonymous_3)
FNDA:0,(anonymous_4)
FNDA:0,(anonymous_5)
FNDA:0,(anonymous_6)
FNDA:0,(anonymous_7)
FNDA:0,(anonymous_8)
FNDA:0,(anonymous_9)
FNDA:0,(anonymous_10)
FNDA:0,(anonymous_11)
FNDA:0,(anonymous_12)
DA:64,3
DA:65,3
DA:81,0
DA:100,0
DA:101,0
DA:120,0
DA:179,0
DA:181,0
DA:182,0
DA:186,0
DA:191,0
DA:192,0
DA:198,0
DA:204,0
DA:212,0
DA:233,0
DA:234,0
DA:255,0
DA:256,0
DA:277,0
DA:278,0
DA:297,0
DA:298,0
DA:317,0
DA:318,0
DA:340,0
DA:341,0
LF:27
LH:2
BRF:0
BRH:0
end_of_record
TN:
SF:src/visualset/visualset.service.ts
FN:36,(anonymous_0)
FN:42,(anonymous_1)
FN:93,(anonymous_2)
FN:111,(anonymous_3)
FN:114,(anonymous_4)
FN:176,(anonymous_5)
FN:181,(anonymous_6)
FN:205,(anonymous_7)
FN:216,(anonymous_8)
FN:217,(anonymous_9)
FN:229,(anonymous_10)
FN:252,(anonymous_11)
FN:259,(anonymous_12)
FN:265,(anonymous_13)
FN:287,(anonymous_14)
FN:316,(anonymous_15)
FN:334,(anonymous_16)
FN:352,(anonymous_17)
FN:368,(anonymous_18)
FN:392,(anonymous_19)
FN:410,(anonymous_20)
FN:421,(anonymous_21)
FN:427,(anonymous_22)
FN:472,(anonymous_23)
FNF:24
FNH:1
FNDA:3,(anonymous_0)
FNDA:0,(anonymous_1)
FNDA:0,(anonymous_2)
FNDA:0,(anonymous_3)
FNDA:0,(anonymous_4)
FNDA:0,(anonymous_5)
FNDA:0,(anonymous_6)
FNDA:0,(anonymous_7)
FNDA:0,(anonymous_8)
FNDA:0,(anonymous_9)
FNDA:0,(anonymous_10)
FNDA:0,(anonymous_11)
FNDA:0,(anonymous_12)
FNDA:0,(anonymous_13)
FNDA:0,(anonymous_14)
FNDA:0,(anonymous_15)
FNDA:0,(anonymous_16)
FNDA:0,(anonymous_17)
FNDA:0,(anonymous_18)
FNDA:0,(anonymous_19)
FNDA:0,(anonymous_20)
FNDA:0,(anonymous_21)
FNDA:0,(anonymous_22)
FNDA:0,(anonymous_23)
DA:38,3
DA:46,0
DA:47,0
DA:50,0
DA:51,0
DA:54,0
DA:55,0
DA:56,0
DA:71,0
DA:72,0
DA:92,0
DA:93,0
DA:94,0
DA:95,0
DA:105,0
DA:106,0
DA:107,0
DA:108,0
DA:110,0
DA:112,0
DA:115,0
DA:127,0
DA:131,0
DA:132,0
DA:134,0
DA:136,0
DA:137,0
DA:145,0
DA:146,0
DA:147,0
DA:149,0
DA:154,0
DA:155,0
DA:158,0
DA:170,0
DA:173,0
DA:177,0
DA:178,0
DA:185,0
DA:189,0
DA:190,0
DA:193,0
DA:197,0
DA:201,0
DA:205,0
DA:216,0
DA:217,0
DA:229,0
DA:233,0
DA:240,0
DA:242,0
DA:243,0
DA:250,0
DA:252,0
DA:257,0
DA:259,0
DA:269,0
DA:276,0
DA:277,0
DA:280,0
DA:284,0
DA:292,0
DA:296,0
DA:297,0
DA:300,0
DA:301,0
DA:304,0
DA:314,0
DA:315,0
DA:317,0
DA:332,0
DA:333,0
DA:335,0
DA:349,0
DA:353,0
DA:357,0
DA:358,0
DA:361,0
DA:362,0
DA:365,0
DA:372,0
DA:376,0
DA:377,0
DA:380,0
DA:381,0
DA:384,0
DA:389,0
DA:396,0
DA:397,0
DA:405,0
DA:407,0
DA:411,0
DA:416,0
DA:417,0
DA:422,0
DA:432,0
DA:436,0
DA:437,0
DA:440,0
DA:441,0
DA:444,0
DA:463,0
DA:466,0
DA:471,0
DA:473,0
DA:485,0
DA:486,0
DA:491,0
LF:108
LH:1
BRDA:50,0,0,0
BRDA:50,0,1,0
BRDA:189,1,0,0
BRDA:189,1,1,0
BRDA:242,2,0,0
BRDA:242,2,1,0
BRDA:276,3,0,0
BRDA:276,3,1,0
BRDA:296,4,0,0
BRDA:296,4,1,0
BRDA:300,5,0,0
BRDA:300,5,1,0
BRDA:314,6,0,0
BRDA:314,6,1,0
BRDA:314,7,0,0
BRDA:314,7,1,0
BRDA:332,8,0,0
BRDA:332,8,1,0
BRDA:332,9,0,0
BRDA:332,9,1,0
BRDA:357,10,0,0
BRDA:357,10,1,0
BRDA:361,11,0,0
BRDA:361,11,1,0
BRDA:376,12,0,0
BRDA:376,12,1,0
BRDA:380,13,0,0
BRDA:380,13,1,0
BRDA:416,14,0,0
BRDA:416,14,1,0
BRDA:436,15,0,0
BRDA:436,15,1,0
BRF:32
BRH:0
end_of_record
